<?xml version="1.0" encoding="UTF-8"?>
<testsuite name="com.ciber13.calculator13.Calculator13ApplicationTests" tests="1" skipped="0" failures="0" errors="0" timestamp="2022-05-20T17:50:23" hostname="kali" time="0.408">
  <properties/>
  <testcase name="contextLoads()" classname="com.ciber13.calculator13.Calculator13ApplicationTests" time="0.408"/>
  <system-out><![CDATA[19:50:21.122 [Test worker] DEBUG org.springframework.test.context.BootstrapUtils - Instantiating CacheAwareContextLoaderDelegate from class [org.springframework.test.context.cache.DefaultCacheAwareContextLoaderDelegate]
19:50:21.140 [Test worker] DEBUG org.springframework.test.context.BootstrapUtils - Instantiating BootstrapContext using constructor [public org.springframework.test.context.support.DefaultBootstrapContext(java.lang.Class,org.springframework.test.context.CacheAwareContextLoaderDelegate)]
19:50:21.190 [Test worker] DEBUG org.springframework.test.context.BootstrapUtils - Instantiating TestContextBootstrapper for test class [com.ciber13.calculator13.Calculator13ApplicationTests] from class [org.springframework.boot.test.context.SpringBootTestContextBootstrapper]
19:50:21.201 [Test worker] INFO org.springframework.boot.test.context.SpringBootTestContextBootstrapper - Neither @ContextConfiguration nor @ContextHierarchy found for test class [com.ciber13.calculator13.Calculator13ApplicationTests], using SpringBootContextLoader
19:50:21.206 [Test worker] DEBUG org.springframework.test.context.support.AbstractContextLoader - Did not detect default resource location for test class [com.ciber13.calculator13.Calculator13ApplicationTests]: class path resource [com/ciber13/calculator13/Calculator13ApplicationTests-context.xml] does not exist
19:50:21.207 [Test worker] DEBUG org.springframework.test.context.support.AbstractContextLoader - Did not detect default resource location for test class [com.ciber13.calculator13.Calculator13ApplicationTests]: class path resource [com/ciber13/calculator13/Calculator13ApplicationTestsContext.groovy] does not exist
19:50:21.209 [Test worker] INFO org.springframework.test.context.support.AbstractContextLoader - Could not detect default resource locations for test class [com.ciber13.calculator13.Calculator13ApplicationTests]: no resource found for suffixes {-context.xml, Context.groovy}.
19:50:21.210 [Test worker] INFO org.springframework.test.context.support.AnnotationConfigContextLoaderUtils - Could not detect default configuration classes for test class [com.ciber13.calculator13.Calculator13ApplicationTests]: Calculator13ApplicationTests does not declare any static, non-private, non-final, nested classes annotated with @Configuration.
19:50:21.256 [Test worker] DEBUG org.springframework.test.context.support.ActiveProfilesUtils - Could not find an 'annotation declaring class' for annotation type [org.springframework.test.context.ActiveProfiles] and class [com.ciber13.calculator13.Calculator13ApplicationTests]
19:50:21.313 [Test worker] DEBUG org.springframework.context.annotation.ClassPathScanningCandidateComponentProvider - Identified candidate component class: file [/home/administrador/calculator13/build/classes/java/main/com/ciber13/calculator13/Calculator13Application.class]
19:50:21.322 [Test worker] INFO org.springframework.boot.test.context.SpringBootTestContextBootstrapper - Found @SpringBootConfiguration com.ciber13.calculator13.Calculator13Application for test class com.ciber13.calculator13.Calculator13ApplicationTests
19:50:21.416 [Test worker] DEBUG org.springframework.boot.test.context.SpringBootTestContextBootstrapper - @TestExecutionListeners is not present for class [com.ciber13.calculator13.Calculator13ApplicationTests]: using defaults.
19:50:21.417 [Test worker] INFO org.springframework.boot.test.context.SpringBootTestContextBootstrapper - Loaded default TestExecutionListener class names from location [META-INF/spring.factories]: [org.springframework.boot.test.autoconfigure.restdocs.RestDocsTestExecutionListener, org.springframework.boot.test.autoconfigure.web.client.MockRestServiceServerResetTestExecutionListener, org.springframework.boot.test.autoconfigure.web.servlet.MockMvcPrintOnlyOnFailureTestExecutionListener, org.springframework.boot.test.autoconfigure.web.servlet.WebDriverTestExecutionListener, org.springframework.boot.test.autoconfigure.webservices.client.MockWebServiceServerTestExecutionListener, org.springframework.boot.test.mock.mockito.MockitoTestExecutionListener, org.springframework.boot.test.mock.mockito.ResetMocksTestExecutionListener, org.springframework.test.context.web.ServletTestExecutionListener, org.springframework.test.context.support.DirtiesContextBeforeModesTestExecutionListener, org.springframework.test.context.event.ApplicationEventsTestExecutionListener, org.springframework.test.context.support.DependencyInjectionTestExecutionListener, org.springframework.test.context.support.DirtiesContextTestExecutionListener, org.springframework.test.context.transaction.TransactionalTestExecutionListener, org.springframework.test.context.jdbc.SqlScriptsTestExecutionListener, org.springframework.test.context.event.EventPublishingTestExecutionListener]
19:50:21.430 [Test worker] DEBUG org.springframework.boot.test.context.SpringBootTestContextBootstrapper - Skipping candidate TestExecutionListener [org.springframework.test.context.transaction.TransactionalTestExecutionListener] due to a missing dependency. Specify custom listener classes or make the default listener classes and their required dependencies available. Offending class: [org/springframework/transaction/interceptor/TransactionAttributeSource]
19:50:21.431 [Test worker] DEBUG org.springframework.boot.test.context.SpringBootTestContextBootstrapper - Skipping candidate TestExecutionListener [org.springframework.test.context.jdbc.SqlScriptsTestExecutionListener] due to a missing dependency. Specify custom listener classes or make the default listener classes and their required dependencies available. Offending class: [org/springframework/transaction/interceptor/TransactionAttribute]
19:50:21.432 [Test worker] INFO org.springframework.boot.test.context.SpringBootTestContextBootstrapper - Using TestExecutionListeners: [org.springframework.test.context.web.ServletTestExecutionListener@79145d5a, org.springframework.test.context.support.DirtiesContextBeforeModesTestExecutionListener@1f2f9244, org.springframework.test.context.event.ApplicationEventsTestExecutionListener@4c4d27c8, org.springframework.boot.test.mock.mockito.MockitoTestExecutionListener@6821ea29, org.springframework.boot.test.autoconfigure.SpringBootDependencyInjectionTestExecutionListener@338494fa, org.springframework.test.context.support.DirtiesContextTestExecutionListener@505a9d7c, org.springframework.test.context.event.EventPublishingTestExecutionListener@758c83d8, org.springframework.boot.test.autoconfigure.restdocs.RestDocsTestExecutionListener@129b4fe2, org.springframework.boot.test.autoconfigure.web.client.MockRestServiceServerResetTestExecutionListener@5af3a0f, org.springframework.boot.test.autoconfigure.web.servlet.MockMvcPrintOnlyOnFailureTestExecutionListener@19ae6bb, org.springframework.boot.test.autoconfigure.web.servlet.WebDriverTestExecutionListener@10993713, org.springframework.boot.test.autoconfigure.webservices.client.MockWebServiceServerTestExecutionListener@58359ebd, org.springframework.boot.test.mock.mockito.ResetMocksTestExecutionListener@24b6b8f6]
19:50:21.436 [Test worker] DEBUG org.springframework.test.context.support.AbstractDirtiesContextTestExecutionListener - Before test class: context [DefaultTestContext@3fffff43 testClass = Calculator13ApplicationTests, testInstance = [null], testMethod = [null], testException = [null], mergedContextConfiguration = [WebMergedContextConfiguration@a8e6492 testClass = Calculator13ApplicationTests, locations = '{}', classes = '{class com.ciber13.calculator13.Calculator13Application}', contextInitializerClasses = '[]', activeProfiles = '{}', propertySourceLocations = '{}', propertySourceProperties = '{org.springframework.boot.test.context.SpringBootTestContextBootstrapper=true}', contextCustomizers = set[org.springframework.boot.test.autoconfigure.actuate.metrics.MetricsExportContextCustomizerFactory$DisableMetricExportContextCustomizer@7ceb3185, org.springframework.boot.test.autoconfigure.properties.PropertyMappingContextCustomizer@0, org.springframework.boot.test.autoconfigure.web.servlet.WebDriverContextCustomizerFactory$Customizer@54eb2b70, org.springframework.boot.test.context.filter.ExcludeFilterContextCustomizer@73302995, org.springframework.boot.test.json.DuplicateJsonObjectContextCustomizerFactory$DuplicateJsonObjectContextCustomizer@7d9e8ef7, org.springframework.boot.test.mock.mockito.MockitoContextCustomizer@0, org.springframework.boot.test.web.client.TestRestTemplateContextCustomizer@7daa0fbd, org.springframework.boot.test.context.SpringBootTestArgs@1, org.springframework.boot.test.context.SpringBootTestWebEnvironment@70325e14], resourceBasePath = 'src/main/webapp', contextLoader = 'org.springframework.boot.test.context.SpringBootContextLoader', parent = [null]], attributes = map['org.springframework.test.context.web.ServletTestExecutionListener.activateListener' -> true]], class annotated with @DirtiesContext [false] with mode [null].

  .   ____          _            __ _ _
 /\\ / ___'_ __ _ _(_)_ __  __ _ \ \ \ \
( ( )\___ | '_ | '_| | '_ \/ _` | \ \ \ \
 \\/  ___)| |_)| | | | | || (_| |  ) ) ) )
  '  |____| .__|_| |_|_| |_\__, | / / / /
 =========|_|==============|___/=/_/_/_/
 :: Spring Boot ::                (v2.6.7)

2022-05-20 19:50:21.916  INFO 1130978 --- [    Test worker] c.c.c.Calculator13ApplicationTests       : Starting Calculator13ApplicationTests using Java 11.0.12 on kali with PID 1130978 (started by administrador in /home/administrador/calculator13)
2022-05-20 19:50:21.921  INFO 1130978 --- [    Test worker] c.c.c.Calculator13ApplicationTests       : No active profile set, falling back to 1 default profile: "default"
2022-05-20 19:50:23.744  INFO 1130978 --- [    Test worker] c.c.c.Calculator13ApplicationTests       : Started Calculator13ApplicationTests in 2.263 seconds (JVM running for 3.895)
]]></system-out>
  <system-err><![CDATA[]]></system-err>
</testsuite>
